<?xml version="1.0" encoding="UTF-8"?>
<testsuite xmlns:xsi="http://www.w3.org/2001/XMLSchema-instance" xsi:noNamespaceSchemaLocation="https://maven.apache.org/surefire/maven-surefire-plugin/xsd/surefire-test-report.xsd" name="org.catdou.param.generate.core.xml.str.JsonTest" time="0.15" tests="1" errors="0" skipped="0" failures="0">
  <properties>
    <property name="sun.desktop" value="windows"/>
    <property name="awt.toolkit" value="sun.awt.windows.WToolkit"/>
    <property name="file.encoding.pkg" value="sun.io"/>
    <property name="java.specification.version" value="1.8"/>
    <property name="sun.cpu.isalist" value="amd64"/>
    <property name="sun.jnu.encoding" value="GBK"/>
    <property name="java.class.path" value="E:\Github\param-validator-generate\target\test-classes;E:\Github\param-validator-generate\target\classes;D:\Maven\repository\org\springframework\spring-webmvc\5.3.6\spring-webmvc-5.3.6.jar;D:\Maven\repository\org\springframework\spring-aop\5.3.6\spring-aop-5.3.6.jar;D:\Maven\repository\org\springframework\spring-beans\5.3.6\spring-beans-5.3.6.jar;D:\Maven\repository\org\springframework\spring-context\5.3.6\spring-context-5.3.6.jar;D:\Maven\repository\org\springframework\spring-core\5.3.6\spring-core-5.3.6.jar;D:\Maven\repository\org\springframework\spring-jcl\5.3.6\spring-jcl-5.3.6.jar;D:\Maven\repository\org\springframework\spring-expression\5.3.6\spring-expression-5.3.6.jar;D:\Maven\repository\org\springframework\spring-web\5.3.6\spring-web-5.3.6.jar;D:\Maven\repository\com\github\catdou\param-validator\1.2\param-validator-1.2.jar;D:\Maven\repository\org\apache\commons\commons-lang3\3.12.0\commons-lang3-3.12.0.jar;D:\Maven\repository\commons-io\commons-io\2.8.0\commons-io-2.8.0.jar;D:\Maven\repository\com\alibaba\fastjson\1.2.54\fastjson-1.2.54.jar;D:\Maven\repository\ognl\ognl\3.2.14\ognl-3.2.14.jar;D:\Maven\repository\org\javassist\javassist\3.24.1-GA\javassist-3.24.1-GA.jar;D:\Maven\repository\junit\junit\4.13.2\junit-4.13.2.jar;D:\Maven\repository\org\hamcrest\hamcrest-core\1.3\hamcrest-core-1.3.jar;"/>
    <property name="java.vm.vendor" value="Oracle Corporation"/>
    <property name="sun.arch.data.model" value="64"/>
    <property name="user.variant" value=""/>
    <property name="java.vendor.url" value="http://java.oracle.com/"/>
    <property name="user.timezone" value="Asia/Shanghai"/>
    <property name="java.vm.specification.version" value="1.8"/>
    <property name="os.name" value="Windows 10"/>
    <property name="user.country" value="CN"/>
    <property name="sun.java.launcher" value="SUN_STANDARD"/>
    <property name="sun.boot.library.path" value="D:\jdk\jdk1.8.0\jre\bin"/>
    <property name="sun.java.command" value="C:\Users\chengdu\AppData\Local\Temp\surefire5841801566889302390\surefirebooter5987005465400491344.jar C:\Users\chengdu\AppData\Local\Temp\surefire5841801566889302390 2021-06-05T23-20-19_147-jvmRun1 surefire290164263197306951tmp surefire_04843697777592002563tmp"/>
    <property name="surefire.test.class.path" value="E:\Github\param-validator-generate\target\test-classes;E:\Github\param-validator-generate\target\classes;D:\Maven\repository\org\springframework\spring-webmvc\5.3.6\spring-webmvc-5.3.6.jar;D:\Maven\repository\org\springframework\spring-aop\5.3.6\spring-aop-5.3.6.jar;D:\Maven\repository\org\springframework\spring-beans\5.3.6\spring-beans-5.3.6.jar;D:\Maven\repository\org\springframework\spring-context\5.3.6\spring-context-5.3.6.jar;D:\Maven\repository\org\springframework\spring-core\5.3.6\spring-core-5.3.6.jar;D:\Maven\repository\org\springframework\spring-jcl\5.3.6\spring-jcl-5.3.6.jar;D:\Maven\repository\org\springframework\spring-expression\5.3.6\spring-expression-5.3.6.jar;D:\Maven\repository\org\springframework\spring-web\5.3.6\spring-web-5.3.6.jar;D:\Maven\repository\com\github\catdou\param-validator\1.2\param-validator-1.2.jar;D:\Maven\repository\org\apache\commons\commons-lang3\3.12.0\commons-lang3-3.12.0.jar;D:\Maven\repository\commons-io\commons-io\2.8.0\commons-io-2.8.0.jar;D:\Maven\repository\com\alibaba\fastjson\1.2.54\fastjson-1.2.54.jar;D:\Maven\repository\ognl\ognl\3.2.14\ognl-3.2.14.jar;D:\Maven\repository\org\javassist\javassist\3.24.1-GA\javassist-3.24.1-GA.jar;D:\Maven\repository\junit\junit\4.13.2\junit-4.13.2.jar;D:\Maven\repository\org\hamcrest\hamcrest-core\1.3\hamcrest-core-1.3.jar;"/>
    <property name="sun.cpu.endian" value="little"/>
    <property name="user.home" value="C:\Users\chengdu"/>
    <property name="user.language" value="zh"/>
    <property name="java.specification.vendor" value="Oracle Corporation"/>
    <property name="java.home" value="D:\jdk\jdk1.8.0\jre"/>
    <property name="basedir" value="E:\Github\param-validator-generate"/>
    <property name="file.separator" value="\"/>
    <property name="line.separator" value="&#10;"/>
    <property name="java.vm.specification.vendor" value="Oracle Corporation"/>
    <property name="java.specification.name" value="Java Platform API Specification"/>
    <property name="java.awt.graphicsenv" value="sun.awt.Win32GraphicsEnvironment"/>
    <property name="surefire.real.class.path" value="C:\Users\chengdu\AppData\Local\Temp\surefire5841801566889302390\surefirebooter5987005465400491344.jar"/>
    <property name="sun.boot.class.path" value="D:\jdk\jdk1.8.0\jre\lib\resources.jar;D:\jdk\jdk1.8.0\jre\lib\rt.jar;D:\jdk\jdk1.8.0\jre\lib\sunrsasign.jar;D:\jdk\jdk1.8.0\jre\lib\jsse.jar;D:\jdk\jdk1.8.0\jre\lib\jce.jar;D:\jdk\jdk1.8.0\jre\lib\charsets.jar;D:\jdk\jdk1.8.0\jre\lib\jfr.jar;D:\jdk\jdk1.8.0\jre\classes"/>
    <property name="user.script" value=""/>
    <property name="sun.management.compiler" value="HotSpot 64-Bit Tiered Compilers"/>
    <property name="java.runtime.version" value="1.8.0_77-b03"/>
    <property name="user.name" value="chengdu"/>
    <property name="path.separator" value=";"/>
    <property name="os.version" value="10.0"/>
    <property name="java.endorsed.dirs" value="D:\jdk\jdk1.8.0\jre\lib\endorsed"/>
    <property name="java.runtime.name" value="Java(TM) SE Runtime Environment"/>
    <property name="file.encoding" value="GBK"/>
    <property name="java.vm.name" value="Java HotSpot(TM) 64-Bit Server VM"/>
    <property name="localRepository" value="D:\Maven\repository"/>
    <property name="java.vendor.url.bug" value="http://bugreport.sun.com/bugreport/"/>
    <property name="java.io.tmpdir" value="C:\Users\chengdu\AppData\Local\Temp\"/>
    <property name="java.version" value="1.8.0_77"/>
    <property name="user.dir" value="E:\Github\param-validator-generate"/>
    <property name="os.arch" value="amd64"/>
    <property name="java.vm.specification.name" value="Java Virtual Machine Specification"/>
    <property name="java.awt.printerjob" value="sun.awt.windows.WPrinterJob"/>
    <property name="sun.os.patch.level" value=""/>
    <property name="java.library.path" value="D:\jdk\jdk1.8.0\jre\bin;C:\WINDOWS\Sun\Java\bin;C:\WINDOWS\system32;C:\WINDOWS;D:\SoftWare\IDEA2019\jre64\\bin;D:\SoftWare\IDEA2019\jre64\\bin\server;F:\app\chengdu\product\11.2.0\dbhome_1\bin;C:\windows\system32;C:\windows;C:\windows\System32\Wbem;C:\windows\System32\WindowsPowerShell\v1.0\;C:\Program Files (x86)\NVIDIA Corporation\PhysX\Common;D:\DataBase\MySQL\mysql-5.7.19-winx64\bin;D:\DataBase\Redis;D:\Anconda3.5.2_Python3;D:\Anconda3.5.2_Python3\Scripts;D:\Tools\Git\bin;D:\Tools\Tesseract-OCR;D:\Tools\Tesseract-OCR\tessdata;D:\DataBase\MongoDB\mongodb-win32-x86_64-2008plus-ssl-4.0.9\bin;D:\Tools\NodeJs\node-v8.11.3-win-x64;D:\Tools\Git\usr\bin;D:\Maven\apache-maven-3.3.9\bin;C:\WINDOWS\system32;C:\WINDOWS;C:\WINDOWS\System32\Wbem;C:\WINDOWS\System32\WindowsPowerShell\v1.0\;C:\WINDOWS\System32\OpenSSH\;D:\Gradle\gradle-4.2.1\bin;C:\Program Files\NVIDIA Corporation\NVIDIA NvDLISR;D:\jdk\jdk1.8.0\bin;D:\jdk\jdk1.8.0\jre\bin;D:\Tools\Tomcat\bin;D:\Tools\Tomcat\lib;D:\Scala\scala-2.12.8\bin;C:\ProgramData\chocolatey\bin;D:\Tools\FFmpeg\ffmpeg-win64-static\bin;D:\SoftWare\hadoop\hadoop-2.6.5\bin;D:\Others\BOOK\Node\node-v8.11.3-win-x64\node-global;D:\jdk\jdk1.8.0\db\bin;D:\DataBase\Postgresql\pgsql\bin;D:\Tools\NodeJs\;D:\Tools\Mingw\mingw64\bin;&quot;;D:\Tools\Mingw\mingw64\include&quot;;D:\Tools\Git LFS;D:\Rust\cargo\bin;C:\Users\chengdu\AppData\Local\Microsoft\WindowsApps;D:\Tools\fiddler;C:\Users\chengdu\AppData\Local\Microsoft\WindowsApps;C:\Users\chengdu\AppData\Roaming\npm;D:\SoftWare\VsCode\Microsoft VS Code\bin;;."/>
    <property name="idea.version2019.1.4" value="true"/>
    <property name="java.vm.info" value="mixed mode"/>
    <property name="java.vendor" value="Oracle Corporation"/>
    <property name="java.vm.version" value="25.77-b03"/>
    <property name="java.ext.dirs" value="D:\jdk\jdk1.8.0\jre\lib\ext;C:\WINDOWS\Sun\Java\lib\ext"/>
    <property name="sun.io.unicode.encoding" value="UnicodeLittle"/>
    <property name="maven.repo.local" value="D:\Maven\repository"/>
    <property name="java.class.version" value="52.0"/>
  </properties>
  <testcase name="testJsonFormat" classname="org.catdou.param.generate.core.xml.str.JsonTest" time="0.104"/>
</testsuite>